make all --print-data-base --no-builtin-variables --no-builtin-rules --question
# GNU Make 3.81
# Copyright (C) 2006  Free Software Foundation, Inc.
# This is free software; see the source for copying conditions.
# There is NO warranty; not even for MERCHANTABILITY or FITNESS FOR A
# PARTICULAR PURPOSE.

# This program built for i386-apple-darwin11.3.0

# Make data base, printed on Fri Jul 15 13:25:05 2022

# Variables

# automatic
<D = $(patsubst %/,%,$(dir $<))
# automatic
?F = $(notdir $?)
# environment
NPM_CONFIG_USERCONFIG = /Users/Shared/CLOUD/Kunden/ErnstYoung/.env.node/.npmrc
# automatic
?D = $(patsubst %/,%,$(dir $?))
# environment
DIRENV_WATCHES = eJxkzsFKxDAQgOF3mXNx0jSZNr3qnlQUZA8iHibNxC3UFJJ0VcR3l8VbfYHv_1--4ZHrCUbAY5Fc8OnEWQJe3z0cb_B2S0ESHnIq9Xnd0hteSTrnCRq4X0Od3wXGlmxvekuaGjh8zqUWGGve5KfZ03Jhvv6YZZ14wXKJYZizpDPysqwfSMpGskNPg-2C4thp7WLgSbTvjdddbI13ws4Fwzp2LbU0-YHZW0VG2X9ryilj1G7t9TcAAP___35OQA==
# automatic
@D = $(patsubst %/,%,$(dir $@))
# automatic
@F = $(notdir $@)
# environment
GITLAB_NOTIFICATIONS_TOKEN = 
# makefile
CURDIR := /Users/Shared/CLOUD/Kunden/ErnstYoung/Playground/html-starter
# makefile
SHELL = /bin/sh
# environment
VSCODE_NLS_CONFIG = {"locale":"de","availableLanguages":{},"_languagePackSupport":true}
# environment
DIRENV_LOG_FORMAT = 
# environment
_ = /usr/bin/make
# environment
DIRENV_FILE = /Users/Shared/CLOUD/Kunden/ErnstYoung/.envrc
# makefile (from `Makefile', line 1)
MAKEFILE_LIST :=  Makefile
# environment
__CFBundleIdentifier = com.googlecode.iterm2
# environment
DIRENV_DIFF = eJzEk1-PmkAUxb_LPKuMgl012QfKf1RAAQVeiMCoKA44o4hs_O4NblvTptusT_syuffm_JI7Z868gQKM3oDFOyoYAcaliFDG3q4IShhhYroiMz7jBGFGIpie_PyMN0yU4tFPJWqm17-nf_AiKlGWF4g4eZ7Rd9mZEibL41X2aO_F747eq-YEtxbAzYqiNpeMRShqczAC7U9tClq_KFmbSJ--XwfhksQPeMk7girZYASQXu1rKo8rkZ9tTJk9eEYFd3ZgEPaIs5kb8INUTSOjElhX1nW4iOdsNlhEa18tw267zQUqEdyI9_tyPDCxtJzpiK1hHIXfezaUbBVrx6GHE7g9IdshWJgfOQ-aCXvxlOxQlWh_Xim77aA-uktFKVF_vA4gq2_L8psfBF3u4o11P0jrQrSu9HhZ29NCoXvD2rR7AnfaFi_LycaOnHKXJEmkddkL5eRLXfQmkQvbvhos4ULpeUNyTbNdV3k5DZ2Y560wDNm-OeNfX0ELGNY0FExD1pTQtaX5e_mUtR2cJ4jp4OJwN_mp6D34AheHf-btf9BHGZVwmZIcHxA-UcZolN1Bh-vAD4Gv_hQtYDUPoZrT52L98A7cbj8CAAD__0KJWVo=
# environment
VSCODE_PORTABLE = /Users/Shared/VSCode/ErnstYoung/code-insiders-portable-data
# environment
PATH = /Users/Shared/CLOUD/Kunden/ErnstYoung/.env.node/pnpm:/Users/Shared/CLOUD/Kunden/ErnstYoung/.env.node/bin:/Users/Shared/CLOUD/Environments/Node/18.4.0/bin:/Users/Shared/CLOUD/Kunden/ErnstYoung/bin:/Users/ernstyoung/bin:/Users/Shared/CLOUD/DeveloperTools/bin:/usr/local/bin:/usr/bin:/bin:/usr/sbin:/sbin
# environment
SERVER_SOFTWARE = Development
# environment
PNPM_HOME = /Users/Shared/CLOUD/Kunden/ErnstYoung/.env.node/pnpm
# environment
ELECTRON_RUN_AS_NODE = 1
# default
.FEATURES := target-specific order-only second-expansion else-if archives jobserver check-symlink
# environment
SSH_AUTH_SOCK = /tmp/ssh-ErqOn6a7FkrO/agent.74167
# automatic
%F = $(notdir $%)
# environment
PWD = /Users/Shared/CLOUD/Kunden/ErnstYoung/Playground/html-starter
# environment
SSH_AGENT_PID = 74168
# environment
ORIGINAL_XDG_CURRENT_DESKTOP = undefined
# environment
VSCODE_AMD_ENTRYPOINT = vs/workbench/api/node/extensionHostProcess
# environment
HOME = /Users/ernstyoung
# default
MAKEFILEPATH := /Applications/Xcode.app/Contents/Developer/Makefiles
# environment
VSCODE_CODE_CACHE_PATH = /Users/Shared/VSCode/ErnstYoung/code-insiders-portable-data/user-data/CachedData/1cd90cceddf3c413673963ab6f154d2ff294b17c
# environment
LOGNAME = ernstyoung
# environment
APPLICATION_INSIGHTS_NO_DIAGNOSTIC_CHANNEL = true
# environment
VSCODE_HANDLES_UNCAUGHT_ERRORS = true
# automatic
^D = $(patsubst %/,%,$(dir $^))
# environment
XPC_FLAGS = 0x0
# environment
COLORTERM = truecolor
# default
MAKE = $(MAKE_COMMAND)
# environment
LC_TERMINAL = iTerm2
# environment
DIRENV_DIR = -/Users/Shared/CLOUD/Kunden/ErnstYoung
# environment
SHLVL = 3
# default
MAKE_VERSION := 3.81
# environment
USER = ernstyoung
# makefile
.DEFAULT_GOAL := default
# default
MAKECMDGOALS := all
# environment
TERM_SESSION_ID = w0t3p0:D84B1155-D2A1-430F-A3CB-FDF64CEAC0C2
# automatic
%D = $(patsubst %/,%,$(dir $%))
# environment
VSCODE_CWD = /Users/Shared/CLOUD/Kunden/ErnstYoung
# default
MAKE_COMMAND := /Applications/Xcode.app/Contents/Developer/usr/bin/make
# environment
TERM_PROGRAM = iTerm.app
# default
.VARIABLES := 
# environment
TMPDIR = /var/folders/q0/4sbhwtd1595bdhnrlx4fhcwh0000gt/T/
# automatic
*F = $(notdir $*)
# environment
VSCODE_IPC_HOOK = /Users/Shared/VSCode/ErnstYoung/code-insiders-portable-data/user-data/1.70.0-insider-main.sock
# makefile
MAKEFLAGS = Rrqp
# environment
MFLAGS = -Rrqp
# automatic
*D = $(patsubst %/,%,$(dir $*))
# environment
TERM_PROGRAM_VERSION = 3.4.16
# environment
XPC_SERVICE_NAME = 0
# environment
LC_TERMINAL_VERSION = 3.4.16
# automatic
+D = $(patsubst %/,%,$(dir $+))
# automatic
+F = $(notdir $+)
# environment
ITERM_SESSION_ID = w0t3p0:D84B1155-D2A1-430F-A3CB-FDF64CEAC0C2
# environment
COLORFGBG = 15;0
# environment
__CF_USER_TEXT_ENCODING = 0x1FA:0x0:0x3
# environment
COMMAND_MODE = unix2003
# default
MAKEFILES := 
# automatic
<F = $(notdir $<)
# environment
ITERM_PROFILE = EY: PLAYGROUND
# environment
LC_ALL = C
# environment
CHROME_BIN = /usr/local/bin/chromium
# automatic
^F = $(notdir $^)
# default
SUFFIXES := 
# default
.INCLUDE_DIRS = /usr/local/include
# environment
MAKELEVEL := 0
# environment
LANG = C
# environment
TERM = xterm-256color
# environment
VSCODE_PID = 86899
# variable set hash-table stats:
# Load=79/1024=8%, Rehash=0, Collisions=6/103=6%

# Pattern-specific Variable Values

# No pattern-specific variable values.

# Directories

# . (device 16777225, inode 132936516): 19 files, no impossibilities.

# 19 files, no impossibilities in 1 directories.

# Implicit Rules

# No implicit rules.

# Files

# Not a target:
all:
#  Command-line target.
#  Implicit rule search has been done.
#  File does not exist.
#  File has not been updated.
# variable set hash-table stats:
# Load=0/32=0%, Rehash=0, Collisions=0/0=0%

# Not a target:
.SUFFIXES:
#  Implicit rule search has not been done.
#  Modification time never checked.
#  File has not been updated.

# Not a target:
Makefile:
#  Implicit rule search has been done.
#  Last modified 2022-07-14 15:34:21
#  File has been updated.
#  Successfully updated.
# variable set hash-table stats:
# Load=0/32=0%, Rehash=0, Collisions=0/0=0%

start:
#  Implicit rule search has not been done.
#  Modification time never checked.
#  File has not been updated.
#  commands to execute (from `Makefile', line 7):
	npm run serve
	

default:
#  Implicit rule search has not been done.
#  Modification time never checked.
#  File has not been updated.
#  commands to execute (from `Makefile', line 2):
	cat Makefile
	

watch:
#  Implicit rule search has not been done.
#  Modification time never checked.
#  File has not been updated.
#  commands to execute (from `Makefile', line 10):
	npm run rollup
	

# Not a target:
.DEFAULT:
#  Implicit rule search has not been done.
#  Modification time never checked.
#  File has not been updated.

# files hash-table stats:
# Load=7/1024=1%, Rehash=0, Collisions=0/19=0%
# VPATH Search Paths

# No `vpath' search paths.

# No general (`VPATH' variable) search path.

# # of strings in strcache: 1
# # of strcache buffers: 1
# strcache size: total = 4096 / max = 4096 / min = 4096 / avg = 4096
# strcache free: total = 4087 / max = 4087 / min = 4087 / avg = 4087

# Finished Make data base on Fri Jul 15 13:25:05 2022

 
make: *** No rule to make target `all'.  Stop.

